<?xml version="1.0" encoding="UTF-8"?>
<!-- Generated by org.testng.reporters.JUnitReportReporter -->
<testsuite skipped="0" hostname="ANANDRAJ-PC" name="com.tutorialsninja.qa.testcases.RegisterTest" tests="2" failures="0" timestamp="25 Apr 2023 10:15:02 GMT" time="43.937" errors="0">
  <testcase name="verifyRegisterAnAccountWithMandatoryDetails" time="22.831" classname="com.tutorialsninja.qa.testcases.RegisterTest"/>
  <testcase name="verifyRegisteringAnAccountWithExistingEmail" time="21.106" classname="com.tutorialsninja.qa.testcases.RegisterTest"/>
</testsuite> <!-- com.tutorialsninja.qa.testcases.RegisterTest -->
