<?xml version="1.0" encoding="UTF-8"?>
<!-- Generated by org.testng.reporters.JUnitReportReporter -->
<testsuite skipped="0" hostname="ANANDRAJ-PC" name="com.tutorialsninja.qa.testcases.Search" tests="3" failures="0" timestamp="16 Apr 2023 11:01:42 GMT" time="96.042" errors="0">
  <testcase name="verifySearchWithValidProduct" time="57.884" classname="com.tutorialsninja.qa.testcases.Search"/>
  <testcase name="verifySearchWithInvalidProduct" time="12.981" classname="com.tutorialsninja.qa.testcases.Search"/>
  <testcase name="verifySearchWithoutAnyProduct" time="25.177" classname="com.tutorialsninja.qa.testcases.Search"/>
</testsuite> <!-- com.tutorialsninja.qa.testcases.Search -->
