<?xml version="1.0" encoding="UTF-8"?>
<!-- Generated by org.testng.reporters.JUnitReportReporter -->
<testsuite skipped="0" hostname="ANANDRAJ-PC" name="com.tutorialsninja.qa.testcases.Login2Test" tests="7" failures="0" timestamp="25 Apr 2023 10:15:02 GMT" time="110.986" errors="0">
  <testcase name="verifyLoginWithValidCredentials" time="16.307" classname="com.tutorialsninja.qa.testcases.Login2Test"/>
  <testcase name="verifyLoginWithValidCredentials" time="16.804" classname="com.tutorialsninja.qa.testcases.Login2Test"/>
  <testcase name="verifyLoginWithValidCredentials" time="19.812" classname="com.tutorialsninja.qa.testcases.Login2Test"/>
  <testcase name="verifyLoginWithInvalidCredentials" time="14.647" classname="com.tutorialsninja.qa.testcases.Login2Test"/>
  <testcase name="verifyLoginWithInvalidEmailAndValidPassword" time="12.712" classname="com.tutorialsninja.qa.testcases.Login2Test"/>
  <testcase name="verifyLoginWithValidEmailAndInvalidPassword" time="15.141" classname="com.tutorialsninja.qa.testcases.Login2Test"/>
  <testcase name="verifyLoginWithoutProvidingLoginCredentials" time="15.563" classname="com.tutorialsninja.qa.testcases.Login2Test"/>
</testsuite> <!-- com.tutorialsninja.qa.testcases.Login2Test -->
