<?xml version="1.0" encoding="UTF-8"?>
<!-- Generated by org.testng.reporters.JUnitReportReporter -->
<testsuite skipped="0" hostname="ANANDRAJ-PC" name="com.tutorialsninja.qa.testcases.SearchTest" tests="3" failures="0" timestamp="25 Apr 2023 10:15:02 GMT" time="62.148" errors="0">
  <testcase name="verifySearchWithValidProduct" time="13.984" classname="com.tutorialsninja.qa.testcases.SearchTest"/>
  <testcase name="verifySearchWithInvalidProduct" time="32.660" classname="com.tutorialsninja.qa.testcases.SearchTest"/>
  <testcase name="verifySearchWithoutAnyProduct" time="15.504" classname="com.tutorialsninja.qa.testcases.SearchTest"/>
</testsuite> <!-- com.tutorialsninja.qa.testcases.SearchTest -->
