<?xml version="1.0" encoding="UTF-8"?>
<!-- Generated by org.testng.reporters.JUnitReportReporter -->
<testsuite skipped="0" hostname="ANANDRAJ-PC" name="com.tutorialsninja.qa.testcases.Login2" tests="7" failures="0" timestamp="16 Apr 2023 11:01:42 GMT" time="112.161" errors="0">
  <testcase name="verifyLoginWithValidCredentials" time="26.364" classname="com.tutorialsninja.qa.testcases.Login2"/>
  <testcase name="verifyLoginWithValidCredentials" time="12.441" classname="com.tutorialsninja.qa.testcases.Login2"/>
  <testcase name="verifyLoginWithValidCredentials" time="13.144" classname="com.tutorialsninja.qa.testcases.Login2"/>
  <testcase name="verifyLoginWithInvalidCredentials" time="18.941" classname="com.tutorialsninja.qa.testcases.Login2"/>
  <testcase name="verifyLoginWithInvalidEmailAndValidPassword" time="14.548" classname="com.tutorialsninja.qa.testcases.Login2"/>
  <testcase name="verifyLoginWithValidEmailAndInvalidPassword" time="13.697" classname="com.tutorialsninja.qa.testcases.Login2"/>
  <testcase name="verifyLoginWithoutProvidingLoginCredentials" time="13.026" classname="com.tutorialsninja.qa.testcases.Login2"/>
</testsuite> <!-- com.tutorialsninja.qa.testcases.Login2 -->
